# JRE version: OpenJDK Runtime Environment (8.0_242-b01) (build 1.8.0_242-release-1644-b01)
# Java VM: OpenJDK 64-Bit Server VM (25.242-b01 mixed mode windows-amd64 compressed oops)
Heap:
 PSYoungGen      total 654336K, used 597904K [0x00000000d5580000, 0x00000000ffb80000, 0x0000000100000000)
  eden space 619520K, 94% used [0x00000000d5580000,0x00000000f8e69910,0x00000000fb280000)
  from space 34816K, 44% used [0x00000000fd980000,0x00000000fe87a938,0x00000000ffb80000)
  to   space 37376K, 0% used [0x00000000fb280000,0x00000000fb280000,0x00000000fd700000)
 ParOldGen       total 109056K, used 72330K [0x0000000080000000, 0x0000000086a80000, 0x00000000d5580000)
  object space 109056K, 66% used [0x0000000080000000,0x00000000846a2a00,0x0000000086a80000)
 Metaspace       used 107934K, capacity 112666K, committed 112936K, reserved 1146880K
  class space    used 13785K, capacity 14699K, committed 14896K, reserved 1048576K
GC Heap History (10 events):
Event: 3508.918 GC heap before
{Heap before GC invocations=18 (full 4):
 PSYoungGen      total 521728K, used 19497K [0x00000000d5580000, 0x00000000f7580000, 0x0000000100000000)
  eden space 491008K, 0% used [0x00000000d5580000,0x00000000d5580000,0x00000000f3500000)
  from space 30720K, 63% used [0x00000000f5400000,0x00000000f670a4d8,0x00000000f7200000)
  to   space 31744K, 0% used [0x00000000f3500000,0x00000000f3500000,0x00000000f5400000)
 ParOldGen       total 78336K, used 53075K [0x0000000080000000, 0x0000000084c80000, 0x00000000d5580000)
  object space 78336K, 67% used [0x0000000080000000,0x00000000833d4d80,0x0000000084c80000)
 Metaspace       used 94076K, capacity 98404K, committed 98600K, reserved 1134592K
  class space    used 12112K, capacity 13017K, committed 13104K, reserved 1048576K
Event: 3526.003 GC heap after
Heap after GC invocations=18 (full 4):
 PSYoungGen      total 521728K, used 0K [0x00000000d5580000, 0x00000000f7580000, 0x0000000100000000)
  eden space 491008K, 0% used [0x00000000d5580000,0x00000000d5580000,0x00000000f3500000)
  from space 30720K, 0% used [0x00000000f5400000,0x00000000f5400000,0x00000000f7200000)
  to   space 31744K, 0% used [0x00000000f3500000,0x00000000f3500000,0x00000000f5400000)
 ParOldGen       total 109056K, used 47138K [0x0000000080000000, 0x0000000086a80000, 0x00000000d5580000)
  object space 109056K, 43% used [0x0000000080000000,0x0000000082e08b00,0x0000000086a80000)
 Metaspace       used 93168K, capacity 96558K, committed 98600K, reserved 1134592K
  class space    used 11904K, capacity 12639K, committed 13104K, reserved 1048576K
}
Event: 3647.102 GC heap before
{Heap before GC invocations=19 (full 4):
 PSYoungGen      total 521728K, used 491008K [0x00000000d5580000, 0x00000000f7580000, 0x0000000100000000)
  eden space 491008K, 100% used [0x00000000d5580000,0x00000000f3500000,0x00000000f3500000)
  from space 30720K, 0% used [0x00000000f5400000,0x00000000f5400000,0x00000000f7200000)
  to   space 31744K, 0% used [0x00000000f3500000,0x00000000f3500000,0x00000000f5400000)
 ParOldGen       total 109056K, used 47138K [0x0000000080000000, 0x0000000086a80000, 0x00000000d5580000)
  object space 109056K, 43% used [0x0000000080000000,0x0000000082e08b00,0x0000000086a80000)
 Metaspace       used 105997K, capacity 110472K, committed 110888K, reserved 1144832K
  class space    used 13624K, capacity 14520K, committed 14640K, reserved 1048576K
Event: 3689.183 GC heap after
Heap after GC invocations=19 (full 4):
 PSYoungGen      total 522752K, used 31721K [0x00000000d5580000, 0x0000000100000000, 0x0000000100000000)
  eden space 491008K, 0% used [0x00000000d5580000,0x00000000d5580000,0x00000000f3500000)
  from space 31744K, 99% used [0x00000000f3500000,0x00000000f53fa458,0x00000000f5400000)
  to   space 38400K, 0% used [0x00000000fda80000,0x00000000fda80000,0x0000000100000000)
 ParOldGen       total 109056K, used 52163K [0x0000000080000000, 0x0000000086a80000, 0x00000000d5580000)
  object space 109056K, 47% used [0x0000000080000000,0x00000000832f0e60,0x0000000086a80000)
 Metaspace       used 105997K, capacity 110472K, committed 110888K, reserved 1144832K
  class space    used 13624K, capacity 14520K, committed 14640K, reserved 1048576K
}
Event: 3734.043 GC heap before
{Heap before GC invocations=20 (full 4):
 PSYoungGen      total 522752K, used 522729K [0x00000000d5580000, 0x0000000100000000, 0x0000000100000000)
  eden space 491008K, 100% used [0x00000000d5580000,0x00000000f3500000,0x00000000f3500000)
  from space 31744K, 99% used [0x00000000f3500000,0x00000000f53fa458,0x00000000f5400000)
  to   space 38400K, 0% used [0x00000000fda80000,0x00000000fda80000,0x0000000100000000)
 ParOldGen       total 109056K, used 52163K [0x0000000080000000, 0x0000000086a80000, 0x00000000d5580000)
  object space 109056K, 47% used [0x0000000080000000,0x00000000832f0e60,0x0000000086a80000)
 Metaspace       used 106339K, capacity 110862K, committed 111144K, reserved 1146880K
  class space    used 13648K, capacity 14531K, committed 14640K, reserved 1048576K
Event: 3738.466 GC heap after
Heap after GC invocations=20 (full 4):
 PSYoungGen      total 657408K, used 26071K [0x00000000d5580000, 0x0000000100000000, 0x0000000100000000)
  eden space 619008K, 0% used [0x00000000d5580000,0x00000000d5580000,0x00000000fb200000)
  from space 38400K, 67% used [0x00000000fda80000,0x00000000ff3f5c90,0x0000000100000000)
  to   space 39936K, 0% used [0x00000000fb200000,0x00000000fb200000,0x00000000fd900000)
 ParOldGen       total 109056K, used 52171K [0x0000000080000000, 0x0000000086a80000, 0x00000000d5580000)
  object space 109056K, 47% used [0x0000000080000000,0x00000000832f2e60,0x0000000086a80000)
 Metaspace       used 106339K, capacity 110862K, committed 111144K, reserved 1146880K
  class space    used 13648K, capacity 14531K, committed 14640K, reserved 1048576K
}
Event: 3810.087 GC heap before
{Heap before GC invocations=21 (full 4):
 PSYoungGen      total 657408K, used 645079K [0x00000000d5580000, 0x0000000100000000, 0x0000000100000000)
  eden space 619008K, 100% used [0x00000000d5580000,0x00000000fb200000,0x00000000fb200000)
  from space 38400K, 67% used [0x00000000fda80000,0x00000000ff3f5c90,0x0000000100000000)
  to   space 39936K, 0% used [0x00000000fb200000,0x00000000fb200000,0x00000000fd900000)
 ParOldGen       total 109056K, used 52171K [0x0000000080000000, 0x0000000086a80000, 0x00000000d5580000)
  object space 109056K, 47% used [0x0000000080000000,0x00000000832f2e60,0x0000000086a80000)
 Metaspace       used 106613K, capacity 111164K, committed 111400K, reserved 1146880K
  class space    used 13652K, capacity 14532K, committed 14640K, reserved 1048576K
Event: 3821.832 GC heap after
Heap after GC invocations=21 (full 4):
 PSYoungGen      total 658944K, used 6322K [0x00000000d5580000, 0x0000000100000000, 0x0000000100000000)
  eden space 619008K, 0% used [0x00000000d5580000,0x00000000d5580000,0x00000000fb200000)
  from space 39936K, 15% used [0x00000000fb200000,0x00000000fb82cbf8,0x00000000fd900000)
  to   space 39424K, 0% used [0x00000000fd980000,0x00000000fd980000,0x0000000100000000)
 ParOldGen       total 109056K, used 70771K [0x0000000080000000, 0x0000000086a80000, 0x00000000d5580000)
  object space 109056K, 64% used [0x0000000080000000,0x000000008451cf30,0x0000000086a80000)
 Metaspace       used 106613K, capacity 111164K, committed 111400K, reserved 1146880K
  class space    used 13652K, capacity 14532K, committed 14640K, reserved 1048576K
}
Event: 3886.690 GC heap before
{Heap before GC invocations=22 (full 4):
 PSYoungGen      total 658944K, used 625330K [0x00000000d5580000, 0x0000000100000000, 0x0000000100000000)
  eden space 619008K, 100% used [0x00000000d5580000,0x00000000fb200000,0x00000000fb200000)
  from space 39936K, 15% used [0x00000000fb200000,0x00000000fb82cbf8,0x00000000fd900000)
  to   space 39424K, 0% used [0x00000000fd980000,0x00000000fd980000,0x0000000100000000)
 ParOldGen       total 109056K, used 70771K [0x0000000080000000, 0x0000000086a80000, 0x00000000d5580000)
  object space 109056K, 64% used [0x0000000080000000,0x000000008451cf30,0x0000000086a80000)
 Metaspace       used 107084K, capacity 111640K, committed 112040K, reserved 1146880K
  class space    used 13676K, capacity 14578K, committed 14768K, reserved 1048576K
Event: 3890.194 GC heap after
Heap after GC invocations=22 (full 4):
 PSYoungGen      total 654336K, used 15338K [0x00000000d5580000, 0x00000000ffb80000, 0x0000000100000000)
  eden space 619520K, 0% used [0x00000000d5580000,0x00000000d5580000,0x00000000fb280000)
  from space 34816K, 44% used [0x00000000fd980000,0x00000000fe87a938,0x00000000ffb80000)
  to   space 37376K, 0% used [0x00000000fb280000,0x00000000fb280000,0x00000000fd700000)
 ParOldGen       total 109056K, used 72330K [0x0000000080000000, 0x0000000086a80000, 0x00000000d5580000)
  object space 109056K, 66% used [0x0000000080000000,0x00000000846a2a00,0x0000000086a80000)
 Metaspace       used 107084K, capacity 111640K, committed 112040K, reserved 1146880K
  class space    used 13676K, capacity 14578K, committed 14768K, reserved 1048576K
}

